********************************************************************************
DUPLICATOR-LITE PACKAGE-LOG: 29/05/2021 8:10 am
NOTICE: Do NOT post to public sites or forums 
********************************************************************************
VERSION:	1.4.1
WORDPRESS:	5.7.2
PHP INFO:	8.0.5 | SAPI: apache2handler
SERVER:		Apache/2.4.47 (Win64) OpenSSL/1.1.1k PHP/8.0.5 
PHP TIME LIMIT: (0) no time limit imposed 
PHP MAX MEMORY: 4294967296 (512M default) 
MEMORY STACK: 4MB

********************************************************************************
DATABASE:
********************************************************************************
BUILD MODE:   MYSQLDUMP
MYSQLTIMEOUT: 5000
MYSQLDUMP:    Is Supported
SQL CREATED: 20210529_mywordpress_b6e76ba90f9c94678768_20210529080943_database.sql
SQL FILE SIZE: 779.9KB (798614)
SQL FILE TIME: 2021-05-29 08:10:26
SQL RUNTIME: 1.32 sec.

********************************************************************************
ARCHIVE (ZIP):
********************************************************************************
ARCHIVE DIR:  D:/PHP-CMS/xampp/htdocs/myproject/wordpress
ARCHIVE FILE: 20210529_mywordpress_b6e76ba90f9c94678768_20210529080943_archive.zip
FILTERS: *OFF*
DIRS:
	not set
FILES:
	not set
EXTS:  not set
----------------------------------------
COMPRESSING
SIZE:	88.29MB
STATS:	Dirs 710 | Files 5,724
SQL ADDED: 20210529_mywordpress_b6e76ba90f9c94678768_20210529080943_database.sql
ZipArchive Object
(
    [lastId] => 6433
    [status] => 0
    [statusSys] => 0
    [numFiles] => 6434
    [filename] => D:\PHP-CMS\xampp\htdocs\myproject\wordpress\wp-content\backups-dup-lite\tmp\20210529_mywordpress_b6e76ba90f9c94678768_20210529080943_archive.zip
    [comment] => 
)

FILE ADDED TO ZIP: 6433
COMPRESSION RESULT: '1'
COMPRESSED SIZE: 47.76MB
ARCHIVE RUNTIME: 33.69 sec.
MEMORY STACK: 4MB
building installer
add_extra_files1
add_extra_files2
add_extra_files3
add_extra_files4
Doing archive file check
add_extra_files5
add_extra_files6
add_extra_files8
Successfully opened zip D:/PHP-CMS/xampp/htdocs/myproject/wordpress/wp-content/backups-dup-lite/tmp/20210529_mywordpress_b6e76ba90f9c94678768_20210529080943_archive.zip
Adding enhanced installer files to archive using ZipArchive
Installer files added to archive
Added to archive
After ziparchive close when adding installer

********************************************************************************
INTEGRITY CHECKS:
********************************************************************************
SQL FILE: 779.9KB
INSTALLER FILE: 64.14KB
ARCHIVE FILE: 49.19MB 
EXPECTED FILE/DIRECTORY COUNT: 6,434
ACTUAL FILE/DIRECTORY COUNT: 6,433
ARCHIVE CONSISTENCY TEST: Pass

********************************************************************************
RECORD ID:[1]
TOTAL PROCESS RUNTIME: 37.59 sec.
PEAK PHP MEMORY USED: 6MB
DONE PROCESSING => 20210529_mywordpress 29/05/2021 8:11 am

